#
# There is insufficient memory for the Java Runtime Environment to continue.
# Native memory allocation (malloc) failed to allocate 203616 bytes for Chunk::new
# Possible reasons:
#   The system is out of physical RAM or swap space
#   The process is running with CompressedOops enabled, and the Java Heap may be blocking the growth of the native heap
# Possible solutions:
#   Reduce memory load on the system
#   Increase physical memory or swap space
#   Check if swap backing store is full
#   Decrease Java heap size (-Xmx/-Xms)
#   Decrease number of Java threads
#   Decrease Java thread stack sizes (-Xss)
#   Set larger code cache with -XX:ReservedCodeCacheSize=
#   JVM is running with Unscaled Compressed Oops mode in which the Java heap is
#     placed in the first 4GB address space. The Java Heap base address is the
#     maximum limit for the native heap growth. Please use -XX:HeapBaseMinAddress
#     to set the Java Heap base and to place the Java Heap above 4GB virtual address.
# This output file may be truncated or incomplete.
#
#  Out of Memory Error (arena.cpp:189), pid=14888, tid=15644
#
# JRE version: OpenJDK Runtime Environment Temurin-17.0.3+7 (17.0.3+7) (build 17.0.3+7)
# Java VM: OpenJDK 64-Bit Server VM Temurin-17.0.3+7 (17.0.3+7, mixed mode, tiered, compressed oops, compressed class ptrs, g1 gc, windows-amd64)
# No core dump will be written. Minidumps are not enabled by default on client versions of Windows
#

---------------  S U M M A R Y ------------

Command Line: -ea -Dfile.encoding=UTF-8 -XX:+ShowCodeDetailsInExceptionMessages org.eclipse.jdt.internal.junit.runner.RemoteTestRunner -version 3 -port 60319 -testLoaderClass org.eclipse.jdt.internal.junit5.runner.JUnit5TestLoader -loaderpluginname org.eclipse.jdt.junit5.runtime -classNames com.qis.CurrencyConvertorProject.CurrencyConvertorProjectApplicationTests

Host: AMD Ryzen 5 4500U with Radeon Graphics         , 6 cores, 7G,  Windows 11 , 64 bit Build 26100 (10.0.26100.2454)
Time: Sun Feb  9 11:56:56 2025 India Standard Time elapsed time: 2.608968 seconds (0d 0h 0m 2s)

---------------  T H R E A D  ---------------

Current thread (0x000001cbec0241a0):  JavaThread "C2 CompilerThread0" daemon [_thread_in_native, id=15644, stack(0x0000006cae500000,0x0000006cae600000)]


Current CompileTask:
C2:   2609 1680   !   4       jdk.internal.loader.URLClassPath$JarLoader::getResource (354 bytes)

Stack: [0x0000006cae500000,0x0000006cae600000]
Native frames: (J=compiled Java code, j=interpreted, Vv=VM code, C=native code)
V  [jvm.dll+0x675efa]
V  [jvm.dll+0x830a24]
V  [jvm.dll+0x8321ce]
V  [jvm.dll+0x832833]
V  [jvm.dll+0x2454b5]
V  [jvm.dll+0xabd7b]
V  [jvm.dll+0xac30c]
V  [jvm.dll+0x2ac5bf]
V  [jvm.dll+0x57cd09]
V  [jvm.dll+0x22056d]
V  [jvm.dll+0x219e62]
V  [jvm.dll+0x21767b]
V  [jvm.dll+0x1a3ccd]
V  [jvm.dll+0x227178]
V  [jvm.dll+0x2252bc]
V  [jvm.dll+0x7e673b]
V  [jvm.dll+0x7e0cfa]
V  [jvm.dll+0x674d85]
C  [ucrtbase.dll+0x14ea0]
C  [KERNEL32.DLL+0x2e8d7]
C  [ntdll.dll+0xdfbcc]


---------------  P R O C E S S  ---------------

Threads class SMR info:
_java_thread_list=0x000001cbecb482b0, length=13, elements={
0x000001cbd1ec9090, 0x000001cbeb49b470, 0x000001cbeb49c4b0, 0x000001cbeb4b4370,
0x000001cbec023000, 0x000001cbec0234d0, 0x000001cbec0239a0, 0x000001cbec0241a0,
0x000001cbec0a7f60, 0x000001cbec0b1490, 0x000001cbec1b5000, 0x000001cbec1cb420,
0x000001cbecba7e60
}

Java Threads: ( => current thread )
  0x000001cbd1ec9090 JavaThread "main" [_thread_in_vm, id=2572, stack(0x0000006cad800000,0x0000006cad900000)]
  0x000001cbeb49b470 JavaThread "Reference Handler" daemon [_thread_blocked, id=17592, stack(0x0000006cadf00000,0x0000006cae000000)]
  0x000001cbeb49c4b0 JavaThread "Finalizer" daemon [_thread_blocked, id=5348, stack(0x0000006cae000000,0x0000006cae100000)]
  0x000001cbeb4b4370 JavaThread "Signal Dispatcher" daemon [_thread_blocked, id=21700, stack(0x0000006cae100000,0x0000006cae200000)]
  0x000001cbec023000 JavaThread "Attach Listener" daemon [_thread_blocked, id=15408, stack(0x0000006cae200000,0x0000006cae300000)]
  0x000001cbec0234d0 JavaThread "Service Thread" daemon [_thread_blocked, id=22336, stack(0x0000006cae300000,0x0000006cae400000)]
  0x000001cbec0239a0 JavaThread "Monitor Deflation Thread" daemon [_thread_blocked, id=564, stack(0x0000006cae400000,0x0000006cae500000)]
=>0x000001cbec0241a0 JavaThread "C2 CompilerThread0" daemon [_thread_in_native, id=15644, stack(0x0000006cae500000,0x0000006cae600000)]
  0x000001cbec0a7f60 JavaThread "C1 CompilerThread0" daemon [_thread_blocked, id=10068, stack(0x0000006cae600000,0x0000006cae700000)]
  0x000001cbec0b1490 JavaThread "Sweeper thread" daemon [_thread_blocked, id=2428, stack(0x0000006cae700000,0x0000006cae800000)]
  0x000001cbec1b5000 JavaThread "Notification Thread" daemon [_thread_blocked, id=12576, stack(0x0000006cae800000,0x0000006cae900000)]
  0x000001cbec1cb420 JavaThread "Common-Cleaner" daemon [_thread_blocked, id=1788, stack(0x0000006caea00000,0x0000006caeb00000)]
  0x000001cbecba7e60 JavaThread "ReaderThread" [_thread_in_native, id=16428, stack(0x0000006caec00000,0x0000006caed00000)]

Other Threads:
  0x000001cbeb4c6010 VMThread "VM Thread" [stack: 0x0000006cade00000,0x0000006cadf00000] [id=14980]
  0x000001cbec15dc20 WatcherThread [stack: 0x0000006cae900000,0x0000006caea00000] [id=2248]
  0x000001cbd1f221d0 GCTaskThread "GC Thread#0" [stack: 0x0000006cad900000,0x0000006cada00000] [id=6760]
  0x000001cbedbddde0 GCTaskThread "GC Thread#1" [stack: 0x0000006caeb00000,0x0000006caec00000] [id=6852]
  0x000001cbedbdf0b0 GCTaskThread "GC Thread#2" [stack: 0x0000006caed00000,0x0000006caee00000] [id=5976]
  0x000001cbedbdf360 GCTaskThread "GC Thread#3" [stack: 0x0000006caee00000,0x0000006caef00000] [id=20376]
  0x000001cbedbde5f0 GCTaskThread "GC Thread#4" [stack: 0x0000006caef00000,0x0000006caf000000] [id=13912]
  0x000001cbedbde090 GCTaskThread "GC Thread#5" [stack: 0x0000006caf000000,0x0000006caf100000] [id=22592]
  0x000001cbd1f349a0 ConcurrentGCThread "G1 Main Marker" [stack: 0x0000006cada00000,0x0000006cadb00000] [id=22316]
  0x000001cbd1f36370 ConcurrentGCThread "G1 Conc#0" [stack: 0x0000006cadb00000,0x0000006cadc00000] [id=9956]
  0x000001cbeb3064e0 ConcurrentGCThread "G1 Refine#0" [stack: 0x0000006cadc00000,0x0000006cadd00000] [id=5700]
  0x000001cbeb306bb0 ConcurrentGCThread "G1 Service" [stack: 0x0000006cadd00000,0x0000006cade00000] [id=22964]

Threads with active compile tasks:
C2 CompilerThread0     2627 1680   !   4       jdk.internal.loader.URLClassPath$JarLoader::getResource (354 bytes)

VM state: not at safepoint (normal execution)

VM Mutex/Monitor currently owned by a thread: None

Heap address: 0x000000008a200000, size: 1886 MB, Compressed Oops mode: 32-bit

CDS archive(s) not mapped
Compressed class space mapped at: 0x0000000100000000-0x0000000140000000, reserved size: 1073741824
Narrow klass base: 0x0000000000000000, Narrow klass shift: 3, Narrow klass range: 0x140000000

GC Precious Log:
 CPUs: 6 total, 6 available
 Memory: 7541M
 Large Page Support: Disabled
 NUMA Support: Disabled
 Compressed Oops: Enabled (32-bit)
 Heap Region Size: 1M
 Heap Min Capacity: 8M
 Heap Initial Capacity: 118M
 Heap Max Capacity: 1886M
 Pre-touch: Disabled
 Parallel Workers: 6
 Concurrent Workers: 2
 Concurrent Refinement Workers: 6
 Periodic GC: Disabled

Heap:
 garbage-first heap   total 120832K, used 25503K [0x000000008a200000, 0x0000000100000000)
  region size 1024K, 23 young (23552K), 3 survivors (3072K)
 Metaspace       used 17799K, committed 17984K, reserved 1073152K
  class space    used 1865K, committed 1920K, reserved 1048576K

Heap Regions: E=young(eden), S=young(survivor), O=old, HS=humongous(starts), HC=humongous(continues), CS=collection set, F=free, OA=open archive, CA=closed archive, TAMS=top-at-mark-start (previous, next)
|   0|0x000000008a200000, 0x000000008a300000, 0x000000008a300000|100%|HS|  |TAMS 0x000000008a200000, 0x000000008a200000| Complete 
|   1|0x000000008a300000, 0x000000008a400000, 0x000000008a400000|100%| O|  |TAMS 0x000000008a300000, 0x000000008a300000| Untracked 
|   2|0x000000008a400000, 0x000000008a500000, 0x000000008a500000|100%| O|  |TAMS 0x000000008a400000, 0x000000008a400000| Untracked 
|   3|0x000000008a500000, 0x000000008a5e7c00, 0x000000008a600000| 90%| O|  |TAMS 0x000000008a500000, 0x000000008a500000| Untracked 
|   4|0x000000008a600000, 0x000000008a600000, 0x000000008a700000|  0%| F|  |TAMS 0x000000008a600000, 0x000000008a600000| Untracked 
|   5|0x000000008a700000, 0x000000008a700000, 0x000000008a800000|  0%| F|  |TAMS 0x000000008a700000, 0x000000008a700000| Untracked 
|   6|0x000000008a800000, 0x000000008a800000, 0x000000008a900000|  0%| F|  |TAMS 0x000000008a800000, 0x000000008a800000| Untracked 
|   7|0x000000008a900000, 0x000000008a900000, 0x000000008aa00000|  0%| F|  |TAMS 0x000000008a900000, 0x000000008a900000| Untracked 
|   8|0x000000008aa00000, 0x000000008aa00000, 0x000000008ab00000|  0%| F|  |TAMS 0x000000008aa00000, 0x000000008aa00000| Untracked 
|   9|0x000000008ab00000, 0x000000008ab00000, 0x000000008ac00000|  0%| F|  |TAMS 0x000000008ab00000, 0x000000008ab00000| Untracked 
|  10|0x000000008ac00000, 0x000000008ac00000, 0x000000008ad00000|  0%| F|  |TAMS 0x000000008ac00000, 0x000000008ac00000| Untracked 
|  11|0x000000008ad00000, 0x000000008ad00000, 0x000000008ae00000|  0%| F|  |TAMS 0x000000008ad00000, 0x000000008ad00000| Untracked 
|  12|0x000000008ae00000, 0x000000008ae00000, 0x000000008af00000|  0%| F|  |TAMS 0x000000008ae00000, 0x000000008ae00000| Untracked 
|  13|0x000000008af00000, 0x000000008af00000, 0x000000008b000000|  0%| F|  |TAMS 0x000000008af00000, 0x000000008af00000| Untracked 
|  14|0x000000008b000000, 0x000000008b000000, 0x000000008b100000|  0%| F|  |TAMS 0x000000008b000000, 0x000000008b000000| Untracked 
|  15|0x000000008b100000, 0x000000008b100000, 0x000000008b200000|  0%| F|  |TAMS 0x000000008b100000, 0x000000008b100000| Untracked 
|  16|0x000000008b200000, 0x000000008b200000, 0x000000008b300000|  0%| F|  |TAMS 0x000000008b200000, 0x000000008b200000| Untracked 
|  17|0x000000008b300000, 0x000000008b300000, 0x000000008b400000|  0%| F|  |TAMS 0x000000008b300000, 0x000000008b300000| Untracked 
|  18|0x000000008b400000, 0x000000008b400000, 0x000000008b500000|  0%| F|  |TAMS 0x000000008b400000, 0x000000008b400000| Untracked 
|  19|0x000000008b500000, 0x000000008b500000, 0x000000008b600000|  0%| F|  |TAMS 0x000000008b500000, 0x000000008b500000| Untracked 
|  20|0x000000008b600000, 0x000000008b600000, 0x000000008b700000|  0%| F|  |TAMS 0x000000008b600000, 0x000000008b600000| Untracked 
|  21|0x000000008b700000, 0x000000008b700000, 0x000000008b800000|  0%| F|  |TAMS 0x000000008b700000, 0x000000008b700000| Untracked 
|  22|0x000000008b800000, 0x000000008b800000, 0x000000008b900000|  0%| F|  |TAMS 0x000000008b800000, 0x000000008b800000| Untracked 
|  23|0x000000008b900000, 0x000000008b900000, 0x000000008ba00000|  0%| F|  |TAMS 0x000000008b900000, 0x000000008b900000| Untracked 
|  24|0x000000008ba00000, 0x000000008ba00000, 0x000000008bb00000|  0%| F|  |TAMS 0x000000008ba00000, 0x000000008ba00000| Untracked 
|  25|0x000000008bb00000, 0x000000008bb00000, 0x000000008bc00000|  0%| F|  |TAMS 0x000000008bb00000, 0x000000008bb00000| Untracked 
|  26|0x000000008bc00000, 0x000000008bc00000, 0x000000008bd00000|  0%| F|  |TAMS 0x000000008bc00000, 0x000000008bc00000| Untracked 
|  27|0x000000008bd00000, 0x000000008bd00000, 0x000000008be00000|  0%| F|  |TAMS 0x000000008bd00000, 0x000000008bd00000| Untracked 
|  28|0x000000008be00000, 0x000000008be00000, 0x000000008bf00000|  0%| F|  |TAMS 0x000000008be00000, 0x000000008be00000| Untracked 
|  29|0x000000008bf00000, 0x000000008bf00000, 0x000000008c000000|  0%| F|  |TAMS 0x000000008bf00000, 0x000000008bf00000| Untracked 
|  30|0x000000008c000000, 0x000000008c000000, 0x000000008c100000|  0%| F|  |TAMS 0x000000008c000000, 0x000000008c000000| Untracked 
|  31|0x000000008c100000, 0x000000008c100000, 0x000000008c200000|  0%| F|  |TAMS 0x000000008c100000, 0x000000008c100000| Untracked 
|  32|0x000000008c200000, 0x000000008c200000, 0x000000008c300000|  0%| F|  |TAMS 0x000000008c200000, 0x000000008c200000| Untracked 
|  33|0x000000008c300000, 0x000000008c300000, 0x000000008c400000|  0%| F|  |TAMS 0x000000008c300000, 0x000000008c300000| Untracked 
|  34|0x000000008c400000, 0x000000008c400000, 0x000000008c500000|  0%| F|  |TAMS 0x000000008c400000, 0x000000008c400000| Untracked 
|  35|0x000000008c500000, 0x000000008c500000, 0x000000008c600000|  0%| F|  |TAMS 0x000000008c500000, 0x000000008c500000| Untracked 
|  36|0x000000008c600000, 0x000000008c600000, 0x000000008c700000|  0%| F|  |TAMS 0x000000008c600000, 0x000000008c600000| Untracked 
|  37|0x000000008c700000, 0x000000008c700000, 0x000000008c800000|  0%| F|  |TAMS 0x000000008c700000, 0x000000008c700000| Untracked 
|  38|0x000000008c800000, 0x000000008c800000, 0x000000008c900000|  0%| F|  |TAMS 0x000000008c800000, 0x000000008c800000| Untracked 
|  39|0x000000008c900000, 0x000000008c900000, 0x000000008ca00000|  0%| F|  |TAMS 0x000000008c900000, 0x000000008c900000| Untracked 
|  40|0x000000008ca00000, 0x000000008ca00000, 0x000000008cb00000|  0%| F|  |TAMS 0x000000008ca00000, 0x000000008ca00000| Untracked 
|  41|0x000000008cb00000, 0x000000008cb00000, 0x000000008cc00000|  0%| F|  |TAMS 0x000000008cb00000, 0x000000008cb00000| Untracked 
|  42|0x000000008cc00000, 0x000000008cc00000, 0x000000008cd00000|  0%| F|  |TAMS 0x000000008cc00000, 0x000000008cc00000| Untracked 
|  43|0x000000008cd00000, 0x000000008cd00000, 0x000000008ce00000|  0%| F|  |TAMS 0x000000008cd00000, 0x000000008cd00000| Untracked 
|  44|0x000000008ce00000, 0x000000008ce00000, 0x000000008cf00000|  0%| F|  |TAMS 0x000000008ce00000, 0x000000008ce00000| Untracked 
|  45|0x000000008cf00000, 0x000000008cf00000, 0x000000008d000000|  0%| F|  |TAMS 0x000000008cf00000, 0x000000008cf00000| Untracked 
|  46|0x000000008d000000, 0x000000008d000000, 0x000000008d100000|  0%| F|  |TAMS 0x000000008d000000, 0x000000008d000000| Untracked 
|  47|0x000000008d100000, 0x000000008d100000, 0x000000008d200000|  0%| F|  |TAMS 0x000000008d100000, 0x000000008d100000| Untracked 
|  48|0x000000008d200000, 0x000000008d200000, 0x000000008d300000|  0%| F|  |TAMS 0x000000008d200000, 0x000000008d200000| Untracked 
|  49|0x000000008d300000, 0x000000008d300000, 0x000000008d400000|  0%| F|  |TAMS 0x000000008d300000, 0x000000008d300000| Untracked 
|  50|0x000000008d400000, 0x000000008d400000, 0x000000008d500000|  0%| F|  |TAMS 0x000000008d400000, 0x000000008d400000| Untracked 
|  51|0x000000008d500000, 0x000000008d500000, 0x000000008d600000|  0%| F|  |TAMS 0x000000008d500000, 0x000000008d500000| Untracked 
|  52|0x000000008d600000, 0x000000008d600000, 0x000000008d700000|  0%| F|  |TAMS 0x000000008d600000, 0x000000008d600000| Untracked 
|  53|0x000000008d700000, 0x000000008d700000, 0x000000008d800000|  0%| F|  |TAMS 0x000000008d700000, 0x000000008d700000| Untracked 
|  54|0x000000008d800000, 0x000000008d800000, 0x000000008d900000|  0%| F|  |TAMS 0x000000008d800000, 0x000000008d800000| Untracked 
|  55|0x000000008d900000, 0x000000008d900000, 0x000000008da00000|  0%| F|  |TAMS 0x000000008d900000, 0x000000008d900000| Untracked 
|  56|0x000000008da00000, 0x000000008da00000, 0x000000008db00000|  0%| F|  |TAMS 0x000000008da00000, 0x000000008da00000| Untracked 
|  57|0x000000008db00000, 0x000000008db00000, 0x000000008dc00000|  0%| F|  |TAMS 0x000000008db00000, 0x000000008db00000| Untracked 
|  58|0x000000008dc00000, 0x000000008dc00000, 0x000000008dd00000|  0%| F|  |TAMS 0x000000008dc00000, 0x000000008dc00000| Untracked 
|  59|0x000000008dd00000, 0x000000008dd00000, 0x000000008de00000|  0%| F|  |TAMS 0x000000008dd00000, 0x000000008dd00000| Untracked 
|  60|0x000000008de00000, 0x000000008de00000, 0x000000008df00000|  0%| F|  |TAMS 0x000000008de00000, 0x000000008de00000| Untracked 
|  61|0x000000008df00000, 0x000000008df00000, 0x000000008e000000|  0%| F|  |TAMS 0x000000008df00000, 0x000000008df00000| Untracked 
|  62|0x000000008e000000, 0x000000008e000000, 0x000000008e100000|  0%| F|  |TAMS 0x000000008e000000, 0x000000008e000000| Untracked 
|  63|0x000000008e100000, 0x000000008e100000, 0x000000008e200000|  0%| F|  |TAMS 0x000000008e100000, 0x000000008e100000| Untracked 
|  64|0x000000008e200000, 0x000000008e200000, 0x000000008e300000|  0%| F|  |TAMS 0x000000008e200000, 0x000000008e200000| Untracked 
|  65|0x000000008e300000, 0x000000008e300000, 0x000000008e400000|  0%| F|  |TAMS 0x000000008e300000, 0x000000008e300000| Untracked 
|  66|0x000000008e400000, 0x000000008e400000, 0x000000008e500000|  0%| F|  |TAMS 0x000000008e400000, 0x000000008e400000| Untracked 
|  67|0x000000008e500000, 0x000000008e500000, 0x000000008e600000|  0%| F|  |TAMS 0x000000008e500000, 0x000000008e500000| Untracked 
|  68|0x000000008e600000, 0x000000008e600000, 0x000000008e700000|  0%| F|  |TAMS 0x000000008e600000, 0x000000008e600000| Untracked 
|  69|0x000000008e700000, 0x000000008e700000, 0x000000008e800000|  0%| F|  |TAMS 0x000000008e700000, 0x000000008e700000| Untracked 
|  70|0x000000008e800000, 0x000000008e800000, 0x000000008e900000|  0%| F|  |TAMS 0x000000008e800000, 0x000000008e800000| Untracked 
|  71|0x000000008e900000, 0x000000008e900000, 0x000000008ea00000|  0%| F|  |TAMS 0x000000008e900000, 0x000000008e900000| Untracked 
|  72|0x000000008ea00000, 0x000000008ea00000, 0x000000008eb00000|  0%| F|  |TAMS 0x000000008ea00000, 0x000000008ea00000| Untracked 
|  73|0x000000008eb00000, 0x000000008eb00000, 0x000000008ec00000|  0%| F|  |TAMS 0x000000008eb00000, 0x000000008eb00000| Untracked 
|  74|0x000000008ec00000, 0x000000008ec00000, 0x000000008ed00000|  0%| F|  |TAMS 0x000000008ec00000, 0x000000008ec00000| Untracked 
|  75|0x000000008ed00000, 0x000000008ed00000, 0x000000008ee00000|  0%| F|  |TAMS 0x000000008ed00000, 0x000000008ed00000| Untracked 
|  76|0x000000008ee00000, 0x000000008ee00000, 0x000000008ef00000|  0%| F|  |TAMS 0x000000008ee00000, 0x000000008ee00000| Untracked 
|  77|0x000000008ef00000, 0x000000008ef00000, 0x000000008f000000|  0%| F|  |TAMS 0x000000008ef00000, 0x000000008ef00000| Untracked 
|  78|0x000000008f000000, 0x000000008f000000, 0x000000008f100000|  0%| F|  |TAMS 0x000000008f000000, 0x000000008f000000| Untracked 
|  79|0x000000008f100000, 0x000000008f100000, 0x000000008f200000|  0%| F|  |TAMS 0x000000008f100000, 0x000000008f100000| Untracked 
|  80|0x000000008f200000, 0x000000008f200000, 0x000000008f300000|  0%| F|  |TAMS 0x000000008f200000, 0x000000008f200000| Untracked 
|  81|0x000000008f300000, 0x000000008f300000, 0x000000008f400000|  0%| F|  |TAMS 0x000000008f300000, 0x000000008f300000| Untracked 
|  82|0x000000008f400000, 0x000000008f400000, 0x000000008f500000|  0%| F|  |TAMS 0x000000008f400000, 0x000000008f400000| Untracked 
|  83|0x000000008f500000, 0x000000008f500000, 0x000000008f600000|  0%| F|  |TAMS 0x000000008f500000, 0x000000008f500000| Untracked 
|  84|0x000000008f600000, 0x000000008f600000, 0x000000008f700000|  0%| F|  |TAMS 0x000000008f600000, 0x000000008f600000| Untracked 
|  85|0x000000008f700000, 0x000000008f700000, 0x000000008f800000|  0%| F|  |TAMS 0x000000008f700000, 0x000000008f700000| Untracked 
|  86|0x000000008f800000, 0x000000008f800000, 0x000000008f900000|  0%| F|  |TAMS 0x000000008f800000, 0x000000008f800000| Untracked 
|  87|0x000000008f900000, 0x000000008f900000, 0x000000008fa00000|  0%| F|  |TAMS 0x000000008f900000, 0x000000008f900000| Untracked 
|  88|0x000000008fa00000, 0x000000008fa00000, 0x000000008fb00000|  0%| F|  |TAMS 0x000000008fa00000, 0x000000008fa00000| Untracked 
|  89|0x000000008fb00000, 0x000000008fb00000, 0x000000008fc00000|  0%| F|  |TAMS 0x000000008fb00000, 0x000000008fb00000| Untracked 
|  90|0x000000008fc00000, 0x000000008fc00000, 0x000000008fd00000|  0%| F|  |TAMS 0x000000008fc00000, 0x000000008fc00000| Untracked 
|  91|0x000000008fd00000, 0x000000008fd00000, 0x000000008fe00000|  0%| F|  |TAMS 0x000000008fd00000, 0x000000008fd00000| Untracked 
|  92|0x000000008fe00000, 0x000000008fe00000, 0x000000008ff00000|  0%| F|  |TAMS 0x000000008fe00000, 0x000000008fe00000| Untracked 
|  93|0x000000008ff00000, 0x000000008ff00000, 0x0000000090000000|  0%| F|  |TAMS 0x000000008ff00000, 0x000000008ff00000| Untracked 
|  94|0x0000000090000000, 0x0000000090100000, 0x0000000090100000|100%| S|CS|TAMS 0x0000000090000000, 0x0000000090000000| Complete 
|  95|0x0000000090100000, 0x0000000090200000, 0x0000000090200000|100%| S|CS|TAMS 0x0000000090100000, 0x0000000090100000| Complete 
|  96|0x0000000090200000, 0x0000000090300000, 0x0000000090300000|100%| S|CS|TAMS 0x0000000090200000, 0x0000000090200000| Complete 
|  97|0x0000000090300000, 0x0000000090300000, 0x0000000090400000|  0%| F|  |TAMS 0x0000000090300000, 0x0000000090300000| Untracked 
|  98|0x0000000090400000, 0x00000000904f5560, 0x0000000090500000| 95%| E|  |TAMS 0x0000000090400000, 0x0000000090400000| Complete 
|  99|0x0000000090500000, 0x0000000090600000, 0x0000000090600000|100%| E|CS|TAMS 0x0000000090500000, 0x0000000090500000| Complete 
| 100|0x0000000090600000, 0x0000000090700000, 0x0000000090700000|100%| E|CS|TAMS 0x0000000090600000, 0x0000000090600000| Complete 
| 101|0x0000000090700000, 0x0000000090800000, 0x0000000090800000|100%| E|CS|TAMS 0x0000000090700000, 0x0000000090700000| Complete 
| 102|0x0000000090800000, 0x0000000090900000, 0x0000000090900000|100%| E|CS|TAMS 0x0000000090800000, 0x0000000090800000| Complete 
| 103|0x0000000090900000, 0x0000000090a00000, 0x0000000090a00000|100%| E|CS|TAMS 0x0000000090900000, 0x0000000090900000| Complete 
| 104|0x0000000090a00000, 0x0000000090b00000, 0x0000000090b00000|100%| E|CS|TAMS 0x0000000090a00000, 0x0000000090a00000| Complete 
| 105|0x0000000090b00000, 0x0000000090c00000, 0x0000000090c00000|100%| E|CS|TAMS 0x0000000090b00000, 0x0000000090b00000| Complete 
| 106|0x0000000090c00000, 0x0000000090d00000, 0x0000000090d00000|100%| E|CS|TAMS 0x0000000090c00000, 0x0000000090c00000| Complete 
| 107|0x0000000090d00000, 0x0000000090e00000, 0x0000000090e00000|100%| E|CS|TAMS 0x0000000090d00000, 0x0000000090d00000| Complete 
| 108|0x0000000090e00000, 0x0000000090f00000, 0x0000000090f00000|100%| E|CS|TAMS 0x0000000090e00000, 0x0000000090e00000| Complete 
| 109|0x0000000090f00000, 0x0000000091000000, 0x0000000091000000|100%| E|CS|TAMS 0x0000000090f00000, 0x0000000090f00000| Complete 
| 110|0x0000000091000000, 0x0000000091100000, 0x0000000091100000|100%| E|CS|TAMS 0x0000000091000000, 0x0000000091000000| Complete 
| 111|0x0000000091100000, 0x0000000091200000, 0x0000000091200000|100%| E|CS|TAMS 0x0000000091100000, 0x0000000091100000| Complete 
| 112|0x0000000091200000, 0x0000000091300000, 0x0000000091300000|100%| E|CS|TAMS 0x0000000091200000, 0x0000000091200000| Complete 
| 113|0x0000000091300000, 0x0000000091400000, 0x0000000091400000|100%| E|CS|TAMS 0x0000000091300000, 0x0000000091300000| Complete 
| 114|0x0000000091400000, 0x0000000091500000, 0x0000000091500000|100%| E|CS|TAMS 0x0000000091400000, 0x0000000091400000| Complete 
| 115|0x0000000091500000, 0x0000000091600000, 0x0000000091600000|100%| E|  |TAMS 0x0000000091500000, 0x0000000091500000| Complete 
| 116|0x0000000091600000, 0x0000000091700000, 0x0000000091700000|100%| E|CS|TAMS 0x0000000091600000, 0x0000000091600000| Complete 
| 117|0x0000000091700000, 0x0000000091800000, 0x0000000091800000|100%| E|CS|TAMS 0x0000000091700000, 0x0000000091700000| Complete 

Card table byte_map: [0x000001cbe4a10000,0x000001cbe4dc0000] _byte_map_base: 0x000001cbe45bf000

Marking Bits (Prev, Next): (CMBitMap*) 0x000001cbd1f244a0, (CMBitMap*) 0x000001cbd1f244e0
 Prev Bits: [0x000001cbe5170000, 0x000001cbe6ee8000)
 Next Bits: [0x000001cbe6ef0000, 0x000001cbe8c68000)

Polling page: 0x000001cbcfd70000

Metaspace:

Usage:
  Non-class:     15.58 MB used.
      Class:      1.83 MB used.
       Both:     17.41 MB used.

Virtual space:
  Non-class space:       24.00 MB reserved,      15.69 MB ( 65%) committed,  3 nodes.
      Class space:        1.00 GB reserved,       1.88 MB ( <1%) committed,  1 nodes.
             Both:        1.02 GB reserved,      17.56 MB (  2%) committed. 

Chunk freelists:
   Non-Class:  3.75 MB
       Class:  2.13 MB
        Both:  5.88 MB

MaxMetaspaceSize: unlimited
CompressedClassSpaceSize: 1.00 GB
Initial GC threshold: 21.00 MB
Current GC threshold: 21.00 MB
CDS: off
MetaspaceReclaimPolicy: balanced
 - commit_granule_bytes: 65536.
 - commit_granule_words: 8192.
 - virtual_space_node_default_size: 1048576.
 - enlarge_chunks_in_place: 1.
 - new_chunks_are_fully_committed: 0.
 - uncommit_free_chunks: 1.
 - use_allocation_guard: 0.
 - handle_deallocations: 1.


Internal statistics:

num_allocs_failed_limit: 0.
num_arena_births: 162.
num_arena_deaths: 0.
num_vsnodes_births: 4.
num_vsnodes_deaths: 0.
num_space_committed: 281.
num_space_uncommitted: 0.
num_chunks_returned_to_freelist: 0.
num_chunks_taken_from_freelist: 469.
num_chunk_merges: 0.
num_chunk_splits: 260.
num_chunks_enlarged: 161.
num_purges: 0.
num_inconsistent_stats: 0.

CodeHeap 'non-profiled nmethods': size=120000Kb used=659Kb max_used=659Kb free=119340Kb
 bounds [0x000001cbdd020000, 0x000001cbdd290000, 0x000001cbe4550000]
CodeHeap 'profiled nmethods': size=120000Kb used=3411Kb max_used=3411Kb free=116588Kb
 bounds [0x000001cbd5af0000, 0x000001cbd5e50000, 0x000001cbdd020000]
CodeHeap 'non-nmethods': size=5760Kb used=1174Kb max_used=1196Kb free=4585Kb
 bounds [0x000001cbd5550000, 0x000001cbd57c0000, 0x000001cbd5af0000]
 total_blobs=2178 nmethods=1705 adapters=386
 compilation: enabled
              stopped_count=0, restarted_count=0
 full_count=0

Compilation events (20 events):
Event: 2.594 Thread 0x000001cbec0a7f60 1673       3       java.lang.invoke.ClassSpecializer$SpeciesData::fieldCount (10 bytes)
Event: 2.594 Thread 0x000001cbec0a7f60 nmethod 1673 0x000001cbd5e22790 code [0x000001cbd5e22940, 0x000001cbd5e22b08]
Event: 2.594 Thread 0x000001cbec0a7f60 1675       3       jdk.internal.org.objectweb.asm.Frame::setInputFrameFromDescriptor (175 bytes)
Event: 2.594 Thread 0x000001cbec0a7f60 nmethod 1675 0x000001cbd5e22c10 code [0x000001cbd5e22e20, 0x000001cbd5e235f8]
Event: 2.594 Thread 0x000001cbec0a7f60 1677       3       jdk.internal.org.objectweb.asm.MethodWriter::computeAllFrames (510 bytes)
Event: 2.595 Thread 0x000001cbec0a7f60 nmethod 1677 0x000001cbd5e23a10 code [0x000001cbd5e23d60, 0x000001cbd5e251c8]
Event: 2.595 Thread 0x000001cbec0a7f60 1676       3       jdk.internal.org.objectweb.asm.Type::getArgumentTypes (154 bytes)
Event: 2.597 Thread 0x000001cbec0a7f60 nmethod 1676 0x000001cbd5e25c90 code [0x000001cbd5e26160, 0x000001cbd5e289e8]
Event: 2.597 Thread 0x000001cbec0a7f60 1678       3       java.util.stream.ReferencePipeline$3$1::accept (23 bytes)
Event: 2.597 Thread 0x000001cbec0a7f60 nmethod 1678 0x000001cbd5e29910 code [0x000001cbd5e29ac0, 0x000001cbd5e29d58]
Event: 2.597 Thread 0x000001cbec0a7f60 1679       1       java.util.stream.MatchOps$BooleanTerminalSink::cancellationRequested (5 bytes)
Event: 2.597 Thread 0x000001cbec0a7f60 nmethod 1679 0x000001cbdd0c4490 code [0x000001cbdd0c4620, 0x000001cbdd0c46f8]
Event: 2.598 Thread 0x000001cbec0241a0 1680   !   4       jdk.internal.loader.URLClassPath$JarLoader::getResource (354 bytes)
Event: 2.603 Thread 0x000001cbec0a7f60 1681       3       org.springframework.util.ConcurrentReferenceHashMap$Segment::restructureIfNecessary (56 bytes)
Event: 2.603 Thread 0x000001cbec0a7f60 nmethod 1681 0x000001cbd5e29e90 code [0x000001cbd5e2a080, 0x000001cbd5e2a718]
Event: 2.603 Thread 0x000001cbec0a7f60 1682       3       org.springframework.util.ConcurrentReferenceHashMap$ReferenceManager::pollForPurge (11 bytes)
Event: 2.603 Thread 0x000001cbec0a7f60 nmethod 1682 0x000001cbd5e2a990 code [0x000001cbd5e2ab60, 0x000001cbd5e2afa8]
Event: 2.604 Thread 0x000001cbec0a7f60 1684   !   3       java.lang.invoke.CallSite::makeSite (91 bytes)
Event: 2.605 Thread 0x000001cbec0a7f60 nmethod 1684 0x000001cbd5e2b110 code [0x000001cbd5e2b440, 0x000001cbd5e2c4d8]
Event: 2.605 Thread 0x000001cbec0a7f60 1685   !   3       java.lang.invoke.BootstrapMethodInvoker::invoke (974 bytes)

GC Heap History (2 events):
Event: 1.842 GC heap before
{Heap before GC invocations=0 (full 0):
 garbage-first heap   total 120832K, used 21504K [0x000000008a200000, 0x0000000100000000)
  region size 1024K, 21 young (21504K), 0 survivors (0K)
 Metaspace       used 12110K, committed 12224K, reserved 1064960K
  class space    used 1141K, committed 1216K, reserved 1048576K
}
Event: 1.849 GC heap after
{Heap after GC invocations=1 (full 0):
 garbage-first heap   total 120832K, used 7071K [0x000000008a200000, 0x0000000100000000)
  region size 1024K, 3 young (3072K), 3 survivors (3072K)
 Metaspace       used 12110K, committed 12224K, reserved 1064960K
  class space    used 1141K, committed 1216K, reserved 1048576K
}

Deoptimization events (20 events):
Event: 2.500 Thread 0x000001cbd1ec9090 DEOPT PACKING pc=0x000001cbd5dca238 sp=0x0000006cad8fb850
Event: 2.500 Thread 0x000001cbd1ec9090 DEOPT UNPACKING pc=0x000001cbd55a2b43 sp=0x0000006cad8fad68 mode 0
Event: 2.519 Thread 0x000001cbd1ec9090 Uncommon trap: trap_request=0xffffffde fr.pc=0x000001cbdd030024 relative=0x00000000000001a4
Event: 2.519 Thread 0x000001cbd1ec9090 Uncommon trap: reason=class_check action=maybe_recompile pc=0x000001cbdd030024 method=java.lang.String.equals(Ljava/lang/Object;)Z @ 8 c2
Event: 2.519 Thread 0x000001cbd1ec9090 DEOPT PACKING pc=0x000001cbdd030024 sp=0x0000006cad8fcd40
Event: 2.519 Thread 0x000001cbd1ec9090 DEOPT UNPACKING pc=0x000001cbd55a23a3 sp=0x0000006cad8fcce8 mode 2
Event: 2.523 Thread 0x000001cbd1ec9090 Uncommon trap: trap_request=0xffffffde fr.pc=0x000001cbdd030024 relative=0x00000000000001a4
Event: 2.523 Thread 0x000001cbd1ec9090 Uncommon trap: reason=class_check action=maybe_recompile pc=0x000001cbdd030024 method=java.lang.String.equals(Ljava/lang/Object;)Z @ 8 c2
Event: 2.523 Thread 0x000001cbd1ec9090 DEOPT PACKING pc=0x000001cbdd030024 sp=0x0000006cad8fcd40
Event: 2.523 Thread 0x000001cbd1ec9090 DEOPT UNPACKING pc=0x000001cbd55a23a3 sp=0x0000006cad8fcce8 mode 2
Event: 2.523 Thread 0x000001cbd1ec9090 Uncommon trap: trap_request=0xffffffde fr.pc=0x000001cbdd030024 relative=0x00000000000001a4
Event: 2.523 Thread 0x000001cbd1ec9090 Uncommon trap: reason=class_check action=maybe_recompile pc=0x000001cbdd030024 method=java.lang.String.equals(Ljava/lang/Object;)Z @ 8 c2
Event: 2.523 Thread 0x000001cbd1ec9090 DEOPT PACKING pc=0x000001cbdd030024 sp=0x0000006cad8fcd40
Event: 2.523 Thread 0x000001cbd1ec9090 DEOPT UNPACKING pc=0x000001cbd55a23a3 sp=0x0000006cad8fcce8 mode 2
Event: 2.528 Thread 0x000001cbd1ec9090 Uncommon trap: trap_request=0xffffffde fr.pc=0x000001cbdd030024 relative=0x00000000000001a4
Event: 2.528 Thread 0x000001cbd1ec9090 Uncommon trap: reason=class_check action=maybe_recompile pc=0x000001cbdd030024 method=java.lang.String.equals(Ljava/lang/Object;)Z @ 8 c2
Event: 2.528 Thread 0x000001cbd1ec9090 DEOPT PACKING pc=0x000001cbdd030024 sp=0x0000006cad8fcc60
Event: 2.528 Thread 0x000001cbd1ec9090 DEOPT UNPACKING pc=0x000001cbd55a23a3 sp=0x0000006cad8fcc08 mode 2
Event: 2.548 Thread 0x000001cbd1ec9090 DEOPT PACKING pc=0x000001cbd5dca238 sp=0x0000006cad8f8c70
Event: 2.548 Thread 0x000001cbd1ec9090 DEOPT UNPACKING pc=0x000001cbd55a2b43 sp=0x0000006cad8f8188 mode 0

Classes unloaded (0 events):
No events

Classes redefined (0 events):
No events

Internal exceptions (20 events):
Event: 1.974 Thread 0x000001cbd1ec9090 Exception <a 'java/lang/NoSuchMethodError'{0x000000009154a668}: 'void java.lang.invoke.DirectMethodHandle$Holder.invokeSpecial(java.lang.Object, java.lang.Object, java.lang.Object, java.lang.Object, java.lang.Object)'> (0x000000009154a668) 
thrown [e:\jenkins\tmp\workspace\build\src\src\hotspot\share\interpreter\linkResolver.cpp, line 766]
Event: 2.113 Thread 0x000001cbd1ec9090 Exception <a 'java/lang/NoSuchMethodError'{0x0000000091214278}: 'java.lang.Object java.lang.invoke.DirectMethodHandle$Holder.newInvokeSpecial(java.lang.Object, java.lang.Object, int)'> (0x0000000091214278) 
thrown [e:\jenkins\tmp\workspace\build\src\src\hotspot\share\interpreter\linkResolver.cpp, line 766]
Event: 2.144 Thread 0x000001cbd1ec9090 Exception <a 'java/lang/NoSuchMethodError'{0x0000000091254ec0}: 'void java.lang.invoke.DirectMethodHandle$Holder.invokeInterface(java.lang.Object, java.lang.Object, java.lang.Object, java.lang.Object)'> (0x0000000091254ec0) 
thrown [e:\jenkins\tmp\workspace\build\src\src\hotspot\share\interpreter\linkResolver.cpp, line 766]
Event: 2.145 Thread 0x000001cbd1ec9090 Exception <a 'java/lang/IncompatibleClassChangeError'{0x00000000912587e8}: Found class java.lang.Object, but interface was expected> (0x00000000912587e8) 
thrown [e:\jenkins\tmp\workspace\build\src\src\hotspot\share\interpreter\linkResolver.cpp, line 833]
Event: 2.148 Thread 0x000001cbd1ec9090 Exception <a 'java/lang/NoSuchMethodError'{0x000000009126f4d0}: 'void java.lang.invoke.DirectMethodHandle$Holder.invokeStatic(java.lang.Object, java.lang.Object, java.lang.Object, java.lang.Object)'> (0x000000009126f4d0) 
thrown [e:\jenkins\tmp\workspace\build\src\src\hotspot\share\interpreter\linkResolver.cpp, line 766]
Event: 2.170 Thread 0x000001cbd1ec9090 Exception <a 'java/lang/NoSuchMethodError'{0x00000000912d51b8}: 'int java.lang.invoke.DirectMethodHandle$Holder.invokeStatic(java.lang.Object, java.lang.Object, java.lang.Object, java.lang.Object)'> (0x00000000912d51b8) 
thrown [e:\jenkins\tmp\workspace\build\src\src\hotspot\share\interpreter\linkResolver.cpp, line 766]
Event: 2.170 Thread 0x000001cbd1ec9090 Exception <a 'java/lang/NoSuchMethodError'{0x00000000912d8b38}: 'java.lang.Object java.lang.invoke.Invokers$Holder.invokeExact_MT(java.lang.Object, java.lang.Object, java.lang.Object, java.lang.Object, java.lang.Object, java.lang.Object)'> (0x00000000912d8b38) 
thrown [e:\jenkins\tmp\workspace\build\src\src\hotspot\share\interpreter\linkResolver.cpp, line 766]
Event: 2.172 Thread 0x000001cbd1ec9090 Exception <a 'java/lang/NoSuchMethodError'{0x00000000912e8958}: 'int java.lang.invoke.DirectMethodHandle$Holder.invokeStatic(java.lang.Object, java.lang.Object, java.lang.Object, java.lang.Object, java.lang.Object)'> (0x00000000912e8958) 
thrown [e:\jenkins\tmp\workspace\build\src\src\hotspot\share\interpreter\linkResolver.cpp, line 766]
Event: 2.185 Thread 0x000001cbd1ec9090 Exception <a 'java/lang/NoSuchMethodError'{0x0000000091137628}: 'void java.lang.invoke.DirectMethodHandle$Holder.invokeStaticInit(java.lang.Object)'> (0x0000000091137628) 
thrown [e:\jenkins\tmp\workspace\build\src\src\hotspot\share\interpreter\linkResolver.cpp, line 766]
Event: 2.237 Thread 0x000001cbd1ec9090 Exception <a 'java/lang/NoSuchMethodError'{0x00000000910b7dc0}: 'int java.lang.invoke.DirectMethodHandle$Holder.invokeStaticInit(java.lang.Object, java.lang.Object)'> (0x00000000910b7dc0) 
thrown [e:\jenkins\tmp\workspace\build\src\src\hotspot\share\interpreter\linkResolver.cpp, line 766]
Event: 2.347 Thread 0x000001cbd1ec9090 Exception <a 'java/lang/ClassNotFoundException'{0x0000000090d9e718}: javax/smartcardio/CardPermission> (0x0000000090d9e718) 
thrown [e:\jenkins\tmp\workspace\build\src\src\hotspot\share\classfile\systemDictionary.cpp, line 256]
Event: 2.350 Thread 0x000001cbd1ec9090 Exception <a 'java/io/FileNotFoundException'{0x0000000090dad680}> (0x0000000090dad680) 
thrown [e:\jenkins\tmp\workspace\build\src\src\hotspot\share\prims\jni.cpp, line 516]
Event: 2.367 Thread 0x000001cbd1ec9090 Exception <a 'java/lang/NoSuchMethodError'{0x0000000090c308c8}: 'java.lang.Object java.lang.invoke.DirectMethodHandle$Holder.invokeSpecial(java.lang.Object, java.lang.Object, java.lang.Object, long, java.lang.Object)'> (0x0000000090c308c8) 
thrown [e:\jenkins\tmp\workspace\build\src\src\hotspot\share\interpreter\linkResolver.cpp, line 766]
Event: 2.368 Thread 0x000001cbd1ec9090 Exception <a 'java/lang/NoSuchMethodError'{0x0000000090c34740}: 'java.lang.Object java.lang.invoke.Invokers$Holder.linkToTargetMethod(java.lang.Object, long, java.lang.Object, java.lang.Object)'> (0x0000000090c34740) 
thrown [e:\jenkins\tmp\workspace\build\src\src\hotspot\share\interpreter\linkResolver.cpp, line 766]
Event: 2.399 Thread 0x000001cbd1ec9090 Implicit null exception at 0x000001cbdd08f958 to 0x000001cbdd08f9ea
Event: 2.399 Thread 0x000001cbd1ec9090 Implicit null exception at 0x000001cbdd051b8f to 0x000001cbdd051c05
Event: 2.496 Thread 0x000001cbd1ec9090 Exception <a 'java/lang/NoSuchMethodError'{0x0000000090892ef8}: 'int java.lang.invoke.DirectMethodHandle$Holder.invokeStaticInit(java.lang.Object, java.lang.Object, java.lang.Object)'> (0x0000000090892ef8) 
thrown [e:\jenkins\tmp\workspace\build\src\src\hotspot\share\interpreter\linkResolver.cpp, line 766]
Event: 2.526 Thread 0x000001cbd1ec9090 Exception <a 'java/lang/NoSuchMethodError'{0x00000000907a77c0}: 'int java.lang.invoke.DirectMethodHandle$Holder.invokeInterface(java.lang.Object, java.lang.Object)'> (0x00000000907a77c0) 
thrown [e:\jenkins\tmp\workspace\build\src\src\hotspot\share\interpreter\linkResolver.cpp, line 766]
Event: 2.555 Thread 0x000001cbd1ec9090 Exception <a 'java/lang/NoSuchMethodError'{0x00000000906a5c58}: 'void java.lang.invoke.DirectMethodHandle$Holder.invokeStaticInit(java.lang.Object, java.lang.Object)'> (0x00000000906a5c58) 
thrown [e:\jenkins\tmp\workspace\build\src\src\hotspot\share\interpreter\linkResolver.cpp, line 766]
Event: 2.594 Thread 0x000001cbd1ec9090 Exception <a 'java/lang/NoSuchMethodError'{0x000000009058fda0}: 'int java.lang.invoke.DirectMethodHandle$Holder.invokeVirtual(java.lang.Object, java.lang.Object, java.lang.Object)'> (0x000000009058fda0) 
thrown [e:\jenkins\tmp\workspace\build\src\src\hotspot\share\interpreter\linkResolver.cpp, line 766]

VM Operations (20 events):
Event: 0.850 Executing VM operation: HandshakeAllThreads
Event: 0.850 Executing VM operation: HandshakeAllThreads done
Event: 1.170 Executing VM operation: HandshakeAllThreads
Event: 1.170 Executing VM operation: HandshakeAllThreads done
Event: 1.170 Executing VM operation: Cleanup
Event: 1.170 Executing VM operation: Cleanup done
Event: 1.434 Executing VM operation: HandshakeAllThreads
Event: 1.434 Executing VM operation: HandshakeAllThreads done
Event: 1.842 Executing VM operation: G1CollectForAllocation
Event: 1.849 Executing VM operation: G1CollectForAllocation done
Event: 2.091 Executing VM operation: HandshakeAllThreads
Event: 2.091 Executing VM operation: HandshakeAllThreads done
Event: 2.092 Executing VM operation: HandshakeAllThreads
Event: 2.092 Executing VM operation: HandshakeAllThreads done
Event: 2.320 Executing VM operation: HandshakeAllThreads
Event: 2.320 Executing VM operation: HandshakeAllThreads done
Event: 2.386 Executing VM operation: HandshakeAllThreads
Event: 2.386 Executing VM operation: HandshakeAllThreads done
Event: 2.403 Executing VM operation: HandshakeAllThreads
Event: 2.403 Executing VM operation: HandshakeAllThreads done

Events (20 events):
Event: 2.565 loading class java/time/temporal/TemporalQueries$5
Event: 2.565 loading class java/time/temporal/TemporalQueries$5 done
Event: 2.565 loading class java/time/temporal/TemporalQueries$6
Event: 2.565 loading class java/time/temporal/TemporalQueries$6 done
Event: 2.565 loading class java/time/temporal/TemporalQueries$7
Event: 2.565 loading class java/time/temporal/TemporalQueries$7 done
Event: 2.565 loading class java/time/ZonedDateTime
Event: 2.565 loading class java/time/chrono/ChronoZonedDateTime
Event: 2.566 loading class java/time/chrono/ChronoZonedDateTime done
Event: 2.566 loading class java/time/ZonedDateTime done
Event: 2.566 loading class java/time/ZonedDateTime$1
Event: 2.566 loading class java/time/ZonedDateTime$1 done
Event: 2.566 loading class java/time/LocalTime$1
Event: 2.566 loading class java/time/LocalTime$1 done
Event: 2.566 loading class java/time/format/DateTimeFormatterBuilder$2
Event: 2.566 loading class java/time/format/DateTimeFormatterBuilder$2 done
Event: 2.590 loading class java/lang/FunctionalInterface
Event: 2.590 loading class java/lang/FunctionalInterface done
Event: 2.592 loading class java/lang/Deprecated
Event: 2.592 loading class java/lang/Deprecated done


Dynamic libraries:
0x00007ff7d0c20000 - 0x00007ff7d0c2e000 	C:\Users\HP\Downloads\eclipse-jee-2022-06-R-win32-x86_64\eclipse\plugins\org.eclipse.justj.openjdk.hotspot.jre.full.win32.x86_64_17.0.3.v20220515-1416\jre\bin\javaw.exe
0x00007ffe56c40000 - 0x00007ffe56ea3000 	C:\WINDOWS\SYSTEM32\ntdll.dll
0x00007ffe56030000 - 0x00007ffe560f8000 	C:\WINDOWS\System32\KERNEL32.DLL
0x00007ffe54220000 - 0x00007ffe545d2000 	C:\WINDOWS\System32\KERNELBASE.dll
0x00007ffe509f0000 - 0x00007ffe50a8c000 	C:\WINDOWS\SYSTEM32\apphelp.dll
0x00007ffe540d0000 - 0x00007ffe5421b000 	C:\WINDOWS\System32\ucrtbase.dll
0x00007ffe42730000 - 0x00007ffe42748000 	C:\Users\HP\Downloads\eclipse-jee-2022-06-R-win32-x86_64\eclipse\plugins\org.eclipse.justj.openjdk.hotspot.jre.full.win32.x86_64_17.0.3.v20220515-1416\jre\bin\jli.dll
0x00007ffe54e40000 - 0x00007ffe55008000 	C:\WINDOWS\System32\USER32.dll
0x00007ffe54010000 - 0x00007ffe54037000 	C:\WINDOWS\System32\win32u.dll
0x00007ffe563d0000 - 0x00007ffe563fa000 	C:\WINDOWS\System32\GDI32.dll
0x00007ffe54740000 - 0x00007ffe5486b000 	C:\WINDOWS\System32\gdi32full.dll
0x00007ffe549f0000 - 0x00007ffe54a93000 	C:\WINDOWS\System32\msvcp_win.dll
0x00007ffe4e120000 - 0x00007ffe4e139000 	C:\Users\HP\Downloads\eclipse-jee-2022-06-R-win32-x86_64\eclipse\plugins\org.eclipse.justj.openjdk.hotspot.jre.full.win32.x86_64_17.0.3.v20220515-1416\jre\bin\VCRUNTIME140.dll
0x00007ffe3d880000 - 0x00007ffe3db10000 	C:\WINDOWS\WinSxS\amd64_microsoft.windows.common-controls_6595b64144ccf1df_6.0.26100.2454_none_3e0b68a2e331ad60\COMCTL32.dll
0x00007ffe55820000 - 0x00007ffe558c9000 	C:\WINDOWS\System32\msvcrt.dll
0x00007ffe55010000 - 0x00007ffe5503f000 	C:\WINDOWS\System32\IMM32.DLL
0x00007ffe4ebd0000 - 0x00007ffe4ebdc000 	C:\Users\HP\Downloads\eclipse-jee-2022-06-R-win32-x86_64\eclipse\plugins\org.eclipse.justj.openjdk.hotspot.jre.full.win32.x86_64_17.0.3.v20220515-1416\jre\bin\vcruntime140_1.dll
0x00007ffe41250000 - 0x00007ffe412e1000 	C:\Users\HP\Downloads\eclipse-jee-2022-06-R-win32-x86_64\eclipse\plugins\org.eclipse.justj.openjdk.hotspot.jre.full.win32.x86_64_17.0.3.v20220515-1416\jre\bin\msvcp140.dll
0x00007ffdf96b0000 - 0x00007ffdfa2f8000 	C:\Users\HP\Downloads\eclipse-jee-2022-06-R-win32-x86_64\eclipse\plugins\org.eclipse.justj.openjdk.hotspot.jre.full.win32.x86_64_17.0.3.v20220515-1416\jre\bin\server\jvm.dll
0x00007ffe552d0000 - 0x00007ffe55384000 	C:\WINDOWS\System32\ADVAPI32.dll
0x00007ffe55e00000 - 0x00007ffe55ea6000 	C:\WINDOWS\System32\sechost.dll
0x00007ffe55f10000 - 0x00007ffe56026000 	C:\WINDOWS\System32\RPCRT4.dll
0x00007ffe54aa0000 - 0x00007ffe54aa8000 	C:\WINDOWS\System32\PSAPI.DLL
0x00007ffe50970000 - 0x00007ffe5097a000 	C:\WINDOWS\SYSTEM32\WSOCK32.dll
0x00007ffe55250000 - 0x00007ffe552c4000 	C:\WINDOWS\System32\WS2_32.dll
0x00007ffe4c980000 - 0x00007ffe4c9b6000 	C:\WINDOWS\SYSTEM32\WINMM.dll
0x00007ffe4c9c0000 - 0x00007ffe4c9cb000 	C:\WINDOWS\SYSTEM32\VERSION.dll
0x00007ffe52e50000 - 0x00007ffe52e6a000 	C:\WINDOWS\SYSTEM32\kernel.appcore.dll
0x00007ffe413c0000 - 0x00007ffe413ca000 	C:\Users\HP\Downloads\eclipse-jee-2022-06-R-win32-x86_64\eclipse\plugins\org.eclipse.justj.openjdk.hotspot.jre.full.win32.x86_64_17.0.3.v20220515-1416\jre\bin\jimage.dll
0x00007ffe49b90000 - 0x00007ffe49dd1000 	C:\WINDOWS\SYSTEM32\DBGHELP.DLL
0x00007ffe54ab0000 - 0x00007ffe54e2e000 	C:\WINDOWS\System32\combase.dll
0x00007ffe55c30000 - 0x00007ffe55d06000 	C:\WINDOWS\System32\OLEAUT32.dll
0x00007ffe39f10000 - 0x00007ffe39f49000 	C:\WINDOWS\SYSTEM32\dbgcore.DLL
0x00007ffe545e0000 - 0x00007ffe54679000 	C:\WINDOWS\System32\bcryptPrimitives.dll
0x00007ffe2dbe0000 - 0x00007ffe2dc05000 	C:\Users\HP\Downloads\eclipse-jee-2022-06-R-win32-x86_64\eclipse\plugins\org.eclipse.justj.openjdk.hotspot.jre.full.win32.x86_64_17.0.3.v20220515-1416\jre\bin\java.dll
0x00007ffe411e0000 - 0x00007ffe411f8000 	C:\Users\HP\Downloads\eclipse-jee-2022-06-R-win32-x86_64\eclipse\plugins\org.eclipse.justj.openjdk.hotspot.jre.full.win32.x86_64_17.0.3.v20220515-1416\jre\bin\zip.dll
0x00007ffe56460000 - 0x00007ffe56b61000 	C:\WINDOWS\System32\SHELL32.dll
0x00007ffe51d00000 - 0x00007ffe52531000 	C:\WINDOWS\SYSTEM32\windows.storage.dll
0x00007ffe55d20000 - 0x00007ffe55dfa000 	C:\WINDOWS\System32\SHCORE.dll
0x00007ffe55eb0000 - 0x00007ffe55f0d000 	C:\WINDOWS\System32\shlwapi.dll
0x00007ffe53f20000 - 0x00007ffe53f4e000 	C:\WINDOWS\SYSTEM32\profapi.dll
0x00007ffe2dbc0000 - 0x00007ffe2dbd9000 	C:\Users\HP\Downloads\eclipse-jee-2022-06-R-win32-x86_64\eclipse\plugins\org.eclipse.justj.openjdk.hotspot.jre.full.win32.x86_64_17.0.3.v20220515-1416\jre\bin\net.dll
0x00007ffe4eaa0000 - 0x00007ffe4ebc6000 	C:\WINDOWS\SYSTEM32\WINHTTP.dll
0x00007ffe533b0000 - 0x00007ffe53418000 	C:\WINDOWS\system32\mswsock.dll
0x00007ffe2cba0000 - 0x00007ffe2cbb5000 	C:\Users\HP\Downloads\eclipse-jee-2022-06-R-win32-x86_64\eclipse\plugins\org.eclipse.justj.openjdk.hotspot.jre.full.win32.x86_64_17.0.3.v20220515-1416\jre\bin\nio.dll
0x00007ffe52870000 - 0x00007ffe528a2000 	C:\WINDOWS\SYSTEM32\IPHLPAPI.DLL
0x00007ffe55d10000 - 0x00007ffe55d1a000 	C:\WINDOWS\System32\NSI.dll
0x00007ffe4ec30000 - 0x00007ffe4ec4e000 	C:\WINDOWS\SYSTEM32\dhcpcsvc6.DLL
0x00007ffe4ec00000 - 0x00007ffe4ec25000 	C:\WINDOWS\SYSTEM32\dhcpcsvc.DLL
0x00007ffe52900000 - 0x00007ffe52a25000 	C:\WINDOWS\SYSTEM32\DNSAPI.dll
0x00007ffe50d10000 - 0x00007ffe50d20000 	C:\Users\HP\Downloads\eclipse-jee-2022-06-R-win32-x86_64\eclipse\plugins\org.eclipse.justj.openjdk.hotspot.jre.full.win32.x86_64_17.0.3.v20220515-1416\jre\bin\verify.dll

dbghelp: loaded successfully - version: 4.0.5 - missing functions: none
symbol engine: initialized successfully - sym options: 0x614 - pdb path: .;C:\Users\HP\Downloads\eclipse-jee-2022-06-R-win32-x86_64\eclipse\plugins\org.eclipse.justj.openjdk.hotspot.jre.full.win32.x86_64_17.0.3.v20220515-1416\jre\bin;C:\WINDOWS\SYSTEM32;C:\WINDOWS\WinSxS\amd64_microsoft.windows.common-controls_6595b64144ccf1df_6.0.26100.2454_none_3e0b68a2e331ad60;C:\Users\HP\Downloads\eclipse-jee-2022-06-R-win32-x86_64\eclipse\plugins\org.eclipse.justj.openjdk.hotspot.jre.full.win32.x86_64_17.0.3.v20220515-1416\jre\bin\server

VM Arguments:
jvm_args: -ea -Dfile.encoding=UTF-8 -XX:+ShowCodeDetailsInExceptionMessages 
java_command: org.eclipse.jdt.internal.junit.runner.RemoteTestRunner -version 3 -port 60319 -testLoaderClass org.eclipse.jdt.internal.junit5.runner.JUnit5TestLoader -loaderpluginname org.eclipse.jdt.junit5.runtime -classNames com.qis.CurrencyConvertorProject.CurrencyConvertorProjectApplicationTests
java_class_path (initial): C:\Users\HP\Downloads\currencyconvertor\CurrencyConvertorProject\target\test-classes;C:\Users\HP\Downloads\currencyconvertor\CurrencyConvertorProject\target\classes;C:\Users\HP\Downloads\eclipse-jee-2022-06-R-win32-x86_64\eclipse\plugins\org.junit.jupiter.api_5.8.1.v20211018-1956.jar;C:\Users\HP\Downloads\eclipse-jee-2022-06-R-win32-x86_64\eclipse\plugins\org.junit.jupiter.engine_5.8.1.v20211018-1956.jar;C:\Users\HP\Downloads\eclipse-jee-2022-06-R-win32-x86_64\eclipse\plugins\org.junit.jupiter.migrationsupport_5.8.1.v20211018-1956.jar;C:\Users\HP\Downloads\eclipse-jee-2022-06-R-win32-x86_64\eclipse\plugins\org.junit.jupiter.params_5.8.1.v20211018-1956.jar;C:\Users\HP\Downloads\eclipse-jee-2022-06-R-win32-x86_64\eclipse\plugins\org.junit.platform.commons_1.8.1.v20211018-1956.jar;C:\Users\HP\Downloads\eclipse-jee-2022-06-R-win32-x86_64\eclipse\plugins\org.junit.platform.engine_1.8.1.v20211018-1956.jar;C:\Users\HP\Downloads\eclipse-jee-2022-06-R-win32-x86_64\eclipse\plugins\org.junit.platform.launcher_1.8.1.v20211018-1956.jar;C:\Users\HP\Downloads\eclipse-jee-2022-06-R-win32-x86_64\eclipse\plugins\org.junit.platform.runner_1.8.1.v20211018-1956.jar;C:\Users\HP\Downloads\eclipse-jee-2022-06-R-win32-x86_64\eclipse\plugins\org.junit.platform.suite.api_1.8.1.v20211018-1956.jar;C:\Users\HP\Downloads\eclipse-jee-2022-06-R-win32-x86_64\eclipse\plugins\org.junit.platform.suite.engine_1.8.1.v20211028-1957.jar;C:\Users\HP\Downloads\eclipse-jee-2022-06-R-win32-x86_64\eclipse\plugins\org.junit.platform.suite.commons_1.8.1.v20211018-1956.jar;C:\Users\HP\Downloads\eclipse-jee-2022-06-R-win32-x86_64\eclipse\plugins\org.junit.vintage.engine_5.8.1.v20211018-1956.jar;C:\Users\HP\Downloads\eclipse-jee-2022-06-R-win32-x86_64\eclipse\plugins\org.opentest4j_1.2.0.v20211018-1956.jar;C:\Users\HP\Downloads\eclipse-jee-2022-06-R-win32-x86_64\eclipse\plugins\org.apiguardian_1.1.2.v20211018-1956.jar;C:\Users\HP\Downloads\eclipse-jee-2022-06-R-win32-x86_64\eclipse\plugi
Launcher Type: SUN_STANDARD

[Global flags]
     intx CICompilerCount                          = 3                                         {product} {ergonomic}
     uint ConcGCThreads                            = 2                                         {product} {ergonomic}
     uint G1ConcRefinementThreads                  = 6                                         {product} {ergonomic}
   size_t G1HeapRegionSize                         = 1048576                                   {product} {ergonomic}
    uintx GCDrainStackTargetSize                   = 64                                        {product} {ergonomic}
   size_t InitialHeapSize                          = 123731968                                 {product} {ergonomic}
   size_t MarkStackSize                            = 4194304                                   {product} {ergonomic}
   size_t MaxHeapSize                              = 1977614336                                {product} {ergonomic}
   size_t MaxNewSize                               = 1185939456                                {product} {ergonomic}
   size_t MinHeapDeltaBytes                        = 1048576                                   {product} {ergonomic}
   size_t MinHeapSize                              = 8388608                                   {product} {ergonomic}
    uintx NonNMethodCodeHeapSize                   = 5832780                                {pd product} {ergonomic}
    uintx NonProfiledCodeHeapSize                  = 122912730                              {pd product} {ergonomic}
    uintx ProfiledCodeHeapSize                     = 122912730                              {pd product} {ergonomic}
    uintx ReservedCodeCacheSize                    = 251658240                              {pd product} {ergonomic}
     bool SegmentedCodeCache                       = true                                      {product} {ergonomic}
     bool ShowCodeDetailsInExceptionMessages       = true                                   {manageable} {command line}
   size_t SoftMaxHeapSize                          = 1977614336                             {manageable} {ergonomic}
     bool UseCompressedClassPointers               = true                           {product lp64_product} {ergonomic}
     bool UseCompressedOops                        = true                           {product lp64_product} {ergonomic}
     bool UseG1GC                                  = true                                      {product} {ergonomic}
     bool UseLargePagesIndividualAllocation        = false                                  {pd product} {ergonomic}

Logging:
Log output configuration:
 #0: stdout all=warning uptime,level,tags
 #1: stderr all=off uptime,level,tags

Environment Variables:
PATH=C:/Users/HP/Downloads/eclipse-jee-2022-06-R-win32-x86_64/eclipse//plugins/org.eclipse.justj.openjdk.hotspot.jre.full.win32.x86_64_17.0.3.v20220515-1416/jre/bin/server;C:/Users/HP/Downloads/eclipse-jee-2022-06-R-win32-x86_64/eclipse//plugins/org.eclipse.justj.openjdk.hotspot.jre.full.win32.x86_64_17.0.3.v20220515-1416/jre/bin;C:\Program Files\Common Files\Oracle\Java\javapath;C:\Program Files\Python310\Scripts\;C:\Program Files\Python310\;C:\Program Files (x86)\Common Files\Oracle\Java\javapath;C:\WINDOWS\system32;C:\WINDOWS;C:\WINDOWS\System32\Wbem;C:\WINDOWS\System32\WindowsPowerShell\v1.0\;C:\WINDOWS\System32\OpenSSH\;C:\Program Files (x86)\i686-8.1.0-release-win32-dwarf-rt_v6-rev0\mingw32\bin;C:\Program Files\Microsoft VS Code\bin;C:\Program Files\Docker\Docker\resources\bin;C:\Program Files\nodejs\;C:\ProgramData\chocolatey\bin;C:\Program Files\Git\cmd;C:\Program Files\Microsoft SQL Server\150\Tools\Binn\;C:\Program Files\Microsoft SQL Server\Client SDK\ODBC\170\Tools\Binn\;C:\Program Files\dotnet\;C:\Users\HP\Downloads\apache-maven-3.9.9\bin;C:\Program Files\Java\jdk-17\bin;C:\Users\HP\AppData\Local\Programs\Python\Python311\Scripts\;C:\Users\HP\AppData\Local\Programs\Python\Python311\;C:\Users\HP\AppData\Local\Microsoft\WindowsApps;C:\Users\HP\AppData\Local\Programs\Microsoft VS Code\bin;C:\Program Files\Java\jdk-18.0.1.1\bin;C:\Users\HP\Desktop\flutter\bin;C:\Users\HP\Documents\flutter_windows_3.22.2-stable\flutter\bin;C:\Users\HP\AppData\Roaming\npm;C:\Users\HP\.dotnet\tools;;C:\Program Files\JetBrains\IntelliJ IDEA 2024.3.2.2\bin;;C:\Users\HP\Downloads\eclipse-jee-2022-06-R-win32-x86_64\eclipse;
USERNAME=HP
OS=Windows_NT
PROCESSOR_IDENTIFIER=AMD64 Family 23 Model 96 Stepping 1, AuthenticAMD



---------------  S Y S T E M  ---------------

OS:
 Windows 11 , 64 bit Build 26100 (10.0.26100.2454)
OS uptime: 1 days 1:26 hours
Hyper-V role detected

CPU: total 6 (initial active 6) (6 cores per cpu, 1 threads per core) family 23 model 96 stepping 1 microcode 0x8600106, cx8, cmov, fxsr, mmx, 3dnowpref, sse, sse2, sse3, ssse3, sse4a, sse4.1, sse4.2, popcnt, lzcnt, tsc, tscinvbit, avx, avx2, aes, clmul, bmi1, bmi2, adx, sha, fma, vzeroupper, clflush, clflushopt, hv

Memory: 4k page, system-wide physical 7541M (642M free)
TotalPageFile size 13828M (AvailPageFile size 0M)
current process WorkingSet (physical memory assigned to process): 99M, peak: 99M
current process commit charge ("private bytes"): 221M, peak: 222M

vm_info: OpenJDK 64-Bit Server VM (17.0.3+7) for windows-amd64 JRE (17.0.3+7), built on Apr 19 2022 16:55:35 by "" with MS VC++ 16.7 (VS2019)

END.
