#
# There is insufficient memory for the Java Runtime Environment to continue.
# Native memory allocation (mmap) failed to map 123731968 bytes for G1 virtual space
# Possible reasons:
#   The system is out of physical RAM or swap space
#   The process is running with CompressedOops enabled, and the Java Heap may be blocking the growth of the native heap
# Possible solutions:
#   Reduce memory load on the system
#   Increase physical memory or swap space
#   Check if swap backing store is full
#   Decrease Java heap size (-Xmx/-Xms)
#   Decrease number of Java threads
#   Decrease Java thread stack sizes (-Xss)
#   Set larger code cache with -XX:ReservedCodeCacheSize=
#   JVM is running with Unscaled Compressed Oops mode in which the Java heap is
#     placed in the first 4GB address space. The Java Heap base address is the
#     maximum limit for the native heap growth. Please use -XX:HeapBaseMinAddress
#     to set the Java Heap base and to place the Java Heap above 4GB virtual address.
# This output file may be truncated or incomplete.
#
#  Out of Memory Error (os_windows.cpp:3535), pid=18872, tid=16092
#
# JRE version:  (17.0.3+7) (build )
# Java VM: OpenJDK 64-Bit Server VM (17.0.3+7, mixed mode, sharing, tiered, compressed oops, compressed class ptrs, g1 gc, windows-amd64)
# No core dump will be written. Minidumps are not enabled by default on client versions of Windows
#

---------------  S U M M A R Y ------------

Command Line: -Dfile.encoding=UTF-8 -XX:+ShowCodeDetailsInExceptionMessages com.qis.CurrencyConvertorProject.CurrencyConvertorProjectApplication

Host: AMD Ryzen 5 4500U with Radeon Graphics         , 6 cores, 7G,  Windows 11 , 64 bit Build 26100 (10.0.26100.2454)
Time: Sun Feb  9 12:37:23 2025 India Standard Time elapsed time: 0.022964 seconds (0d 0h 0m 0s)

---------------  T H R E A D  ---------------

Current thread (0x000002711e3b23f0):  JavaThread "Unknown thread" [_thread_in_vm, id=16092, stack(0x0000009249a00000,0x0000009249b00000)]

Stack: [0x0000009249a00000,0x0000009249b00000]
Native frames: (J=compiled Java code, j=interpreted, Vv=VM code, C=native code)
V  [jvm.dll+0x675efa]
V  [jvm.dll+0x830a24]
V  [jvm.dll+0x8321ce]
V  [jvm.dll+0x832833]
V  [jvm.dll+0x2454b5]
V  [jvm.dll+0x672de9]
V  [jvm.dll+0x667732]
V  [jvm.dll+0x3043ab]
V  [jvm.dll+0x30b8f6]
V  [jvm.dll+0x35b62e]
V  [jvm.dll+0x35b85f]
V  [jvm.dll+0x2db248]
V  [jvm.dll+0x2dc1b4]
V  [jvm.dll+0x802651]
V  [jvm.dll+0x3693b1]
V  [jvm.dll+0x7e1aac]
V  [jvm.dll+0x3ebd8f]
V  [jvm.dll+0x3ed911]
C  [jli.dll+0x5277]
C  [ucrtbase.dll+0x14ea0]
C  [KERNEL32.DLL+0x2e8d7]
C  [ntdll.dll+0xdfbcc]


---------------  P R O C E S S  ---------------

Threads class SMR info:
_java_thread_list=0x00007ffdfa1c6e98, length=0, elements={
}

Java Threads: ( => current thread )

Other Threads:
  0x000002711e40c420 GCTaskThread "GC Thread#0" [stack: 0x0000009249b00000,0x0000009249c00000] [id=20552]
  0x000002711e41bcc0 ConcurrentGCThread "G1 Main Marker" [stack: 0x0000009249c00000,0x0000009249d00000] [id=10068]
  0x000002711e41f7a0 ConcurrentGCThread "G1 Conc#0" [stack: 0x0000009249d00000,0x0000009249e00000] [id=3780]

[error occurred during error reporting (printing all threads), id 0xc0000005, EXCEPTION_ACCESS_VIOLATION (0xc0000005) at pc=0x00007ffdf999bcd7]

VM state: not at safepoint (not fully initialized)

VM Mutex/Monitor currently owned by a thread:  ([mutex/lock_event])
[0x000002711e3ae580] Heap_lock - owner thread: 0x000002711e3b23f0

Heap address: 0x000000008a200000, size: 1886 MB, Compressed Oops mode: 32-bit

CDS archive(s) mapped at: [0x0000000000000000-0x0000000000000000-0x0000000000000000), size 0, SharedBaseAddress: 0x0000000800000000, ArchiveRelocationMode: 0.
Narrow klass base: 0x0000000000000000, Narrow klass shift: 0, Narrow klass range: 0x0

GC Precious Log:
<Empty>

Heap:
 garbage-first heap   total 0K, used 0K [0x000000008a200000, 0x0000000100000000)
  region size 1024K, 0 young (0K), 0 survivors (0K)

[error occurred during error reporting (printing heap information), id 0xc0000005, EXCEPTION_ACCESS_VIOLATION (0xc0000005) at pc=0x00007ffdf9d7f249]

GC Heap History (0 events):
No events

Deoptimization events (0 events):
No events

Classes unloaded (0 events):
No events

Classes redefined (0 events):
No events

Internal exceptions (0 events):
No events

VM Operations (0 events):
No events

Events (1 events):
Event: 0.014 Loaded shared library C:\Users\HP\Downloads\eclipse-jee-2022-06-R-win32-x86_64\eclipse\plugins\org.eclipse.justj.openjdk.hotspot.jre.full.win32.x86_64_17.0.3.v20220515-1416\jre\bin\java.dll


Dynamic libraries:
0x00007ff64c950000 - 0x00007ff64c95e000 	C:\Users\HP\Downloads\eclipse-jee-2022-06-R-win32-x86_64\eclipse\plugins\org.eclipse.justj.openjdk.hotspot.jre.full.win32.x86_64_17.0.3.v20220515-1416\jre\bin\javaw.exe
0x00007ffe56c40000 - 0x00007ffe56ea3000 	C:\WINDOWS\SYSTEM32\ntdll.dll
0x00007ffe56030000 - 0x00007ffe560f8000 	C:\WINDOWS\System32\KERNEL32.DLL
0x00007ffe54220000 - 0x00007ffe545d2000 	C:\WINDOWS\System32\KERNELBASE.dll
0x00007ffe509f0000 - 0x00007ffe50a8c000 	C:\WINDOWS\SYSTEM32\apphelp.dll
0x00007ffe540d0000 - 0x00007ffe5421b000 	C:\WINDOWS\System32\ucrtbase.dll
0x00007ffe41c70000 - 0x00007ffe41c88000 	C:\Users\HP\Downloads\eclipse-jee-2022-06-R-win32-x86_64\eclipse\plugins\org.eclipse.justj.openjdk.hotspot.jre.full.win32.x86_64_17.0.3.v20220515-1416\jre\bin\jli.dll
0x00007ffe4e120000 - 0x00007ffe4e139000 	C:\Users\HP\Downloads\eclipse-jee-2022-06-R-win32-x86_64\eclipse\plugins\org.eclipse.justj.openjdk.hotspot.jre.full.win32.x86_64_17.0.3.v20220515-1416\jre\bin\VCRUNTIME140.dll
0x00007ffe54e40000 - 0x00007ffe55008000 	C:\WINDOWS\System32\USER32.dll
0x00007ffe3d880000 - 0x00007ffe3db10000 	C:\WINDOWS\WinSxS\amd64_microsoft.windows.common-controls_6595b64144ccf1df_6.0.26100.2454_none_3e0b68a2e331ad60\COMCTL32.dll
0x00007ffe54010000 - 0x00007ffe54037000 	C:\WINDOWS\System32\win32u.dll
0x00007ffe55820000 - 0x00007ffe558c9000 	C:\WINDOWS\System32\msvcrt.dll
0x00007ffe563d0000 - 0x00007ffe563fa000 	C:\WINDOWS\System32\GDI32.dll
0x00007ffe54740000 - 0x00007ffe5486b000 	C:\WINDOWS\System32\gdi32full.dll
0x00007ffe549f0000 - 0x00007ffe54a93000 	C:\WINDOWS\System32\msvcp_win.dll
0x00007ffe55010000 - 0x00007ffe5503f000 	C:\WINDOWS\System32\IMM32.DLL
0x00007ffe4e1f0000 - 0x00007ffe4e1fc000 	C:\Users\HP\Downloads\eclipse-jee-2022-06-R-win32-x86_64\eclipse\plugins\org.eclipse.justj.openjdk.hotspot.jre.full.win32.x86_64_17.0.3.v20220515-1416\jre\bin\vcruntime140_1.dll
0x00007ffe41320000 - 0x00007ffe413b1000 	C:\Users\HP\Downloads\eclipse-jee-2022-06-R-win32-x86_64\eclipse\plugins\org.eclipse.justj.openjdk.hotspot.jre.full.win32.x86_64_17.0.3.v20220515-1416\jre\bin\msvcp140.dll
0x00007ffdf96b0000 - 0x00007ffdfa2f8000 	C:\Users\HP\Downloads\eclipse-jee-2022-06-R-win32-x86_64\eclipse\plugins\org.eclipse.justj.openjdk.hotspot.jre.full.win32.x86_64_17.0.3.v20220515-1416\jre\bin\server\jvm.dll
0x00007ffe552d0000 - 0x00007ffe55384000 	C:\WINDOWS\System32\ADVAPI32.dll
0x00007ffe55e00000 - 0x00007ffe55ea6000 	C:\WINDOWS\System32\sechost.dll
0x00007ffe55f10000 - 0x00007ffe56026000 	C:\WINDOWS\System32\RPCRT4.dll
0x00007ffe54aa0000 - 0x00007ffe54aa8000 	C:\WINDOWS\System32\PSAPI.DLL
0x00007ffe4c980000 - 0x00007ffe4c9b6000 	C:\WINDOWS\SYSTEM32\WINMM.dll
0x00007ffe4c9c0000 - 0x00007ffe4c9cb000 	C:\WINDOWS\SYSTEM32\VERSION.dll
0x00007ffe50970000 - 0x00007ffe5097a000 	C:\WINDOWS\SYSTEM32\WSOCK32.dll
0x00007ffe55250000 - 0x00007ffe552c4000 	C:\WINDOWS\System32\WS2_32.dll
0x00007ffe52e50000 - 0x00007ffe52e6a000 	C:\WINDOWS\SYSTEM32\kernel.appcore.dll
0x00007ffe413c0000 - 0x00007ffe413ca000 	C:\Users\HP\Downloads\eclipse-jee-2022-06-R-win32-x86_64\eclipse\plugins\org.eclipse.justj.openjdk.hotspot.jre.full.win32.x86_64_17.0.3.v20220515-1416\jre\bin\jimage.dll
0x00007ffe49b90000 - 0x00007ffe49dd1000 	C:\WINDOWS\SYSTEM32\DBGHELP.DLL
0x00007ffe54ab0000 - 0x00007ffe54e2e000 	C:\WINDOWS\System32\combase.dll
0x00007ffe55c30000 - 0x00007ffe55d06000 	C:\WINDOWS\System32\OLEAUT32.dll
0x00007ffe39f10000 - 0x00007ffe39f49000 	C:\WINDOWS\SYSTEM32\dbgcore.DLL
0x00007ffe545e0000 - 0x00007ffe54679000 	C:\WINDOWS\System32\bcryptPrimitives.dll
0x00007ffe2dbe0000 - 0x00007ffe2dc05000 	C:\Users\HP\Downloads\eclipse-jee-2022-06-R-win32-x86_64\eclipse\plugins\org.eclipse.justj.openjdk.hotspot.jre.full.win32.x86_64_17.0.3.v20220515-1416\jre\bin\java.dll

dbghelp: loaded successfully - version: 4.0.5 - missing functions: none
symbol engine: initialized successfully - sym options: 0x614 - pdb path: .;C:\Users\HP\Downloads\eclipse-jee-2022-06-R-win32-x86_64\eclipse\plugins\org.eclipse.justj.openjdk.hotspot.jre.full.win32.x86_64_17.0.3.v20220515-1416\jre\bin;C:\WINDOWS\SYSTEM32;C:\WINDOWS\WinSxS\amd64_microsoft.windows.common-controls_6595b64144ccf1df_6.0.26100.2454_none_3e0b68a2e331ad60;C:\Users\HP\Downloads\eclipse-jee-2022-06-R-win32-x86_64\eclipse\plugins\org.eclipse.justj.openjdk.hotspot.jre.full.win32.x86_64_17.0.3.v20220515-1416\jre\bin\server

VM Arguments:
jvm_args: -Dfile.encoding=UTF-8 -XX:+ShowCodeDetailsInExceptionMessages 
java_command: com.qis.CurrencyConvertorProject.CurrencyConvertorProjectApplication
java_class_path (initial): C:\Users\HP\Downloads\currencyconvertor\CurrencyConvertorProject\target\classes;C:\Users\HP\Downloads\eclipse-jee-2022-06-R-win32-x86_64\eclipse\plugins\org.junit.jupiter.api_5.8.1.v20211018-1956.jar;C:\Users\HP\Downloads\eclipse-jee-2022-06-R-win32-x86_64\eclipse\plugins\org.junit.jupiter.engine_5.8.1.v20211018-1956.jar;C:\Users\HP\Downloads\eclipse-jee-2022-06-R-win32-x86_64\eclipse\plugins\org.junit.jupiter.migrationsupport_5.8.1.v20211018-1956.jar;C:\Users\HP\Downloads\eclipse-jee-2022-06-R-win32-x86_64\eclipse\plugins\org.junit.jupiter.params_5.8.1.v20211018-1956.jar;C:\Users\HP\Downloads\eclipse-jee-2022-06-R-win32-x86_64\eclipse\plugins\org.junit.platform.commons_1.8.1.v20211018-1956.jar;C:\Users\HP\Downloads\eclipse-jee-2022-06-R-win32-x86_64\eclipse\plugins\org.junit.platform.engine_1.8.1.v20211018-1956.jar;C:\Users\HP\Downloads\eclipse-jee-2022-06-R-win32-x86_64\eclipse\plugins\org.junit.platform.launcher_1.8.1.v20211018-1956.jar;C:\Users\HP\Downloads\eclipse-jee-2022-06-R-win32-x86_64\eclipse\plugins\org.junit.platform.runner_1.8.1.v20211018-1956.jar;C:\Users\HP\Downloads\eclipse-jee-2022-06-R-win32-x86_64\eclipse\plugins\org.junit.platform.suite.api_1.8.1.v20211018-1956.jar;C:\Users\HP\Downloads\eclipse-jee-2022-06-R-win32-x86_64\eclipse\plugins\org.junit.platform.suite.engine_1.8.1.v20211028-1957.jar;C:\Users\HP\Downloads\eclipse-jee-2022-06-R-win32-x86_64\eclipse\plugins\org.junit.platform.suite.commons_1.8.1.v20211018-1956.jar;C:\Users\HP\Downloads\eclipse-jee-2022-06-R-win32-x86_64\eclipse\plugins\org.junit.vintage.engine_5.8.1.v20211018-1956.jar;C:\Users\HP\Downloads\eclipse-jee-2022-06-R-win32-x86_64\eclipse\plugins\org.opentest4j_1.2.0.v20211018-1956.jar;C:\Users\HP\Downloads\eclipse-jee-2022-06-R-win32-x86_64\eclipse\plugins\org.apiguardian_1.1.2.v20211018-1956.jar;C:\Users\HP\Downloads\eclipse-jee-2022-06-R-win32-x86_64\eclipse\plugins\org.junit_4.13.2.v20211018-1956.jar;C:\Users\HP\Downloads\eclipse-jee-2022-06-R-wi
Launcher Type: SUN_STANDARD

[Global flags]
     intx CICompilerCount                          = 3                                         {product} {ergonomic}
     uint ConcGCThreads                            = 2                                         {product} {ergonomic}
     uint G1ConcRefinementThreads                  = 6                                         {product} {ergonomic}
   size_t G1HeapRegionSize                         = 1048576                                   {product} {ergonomic}
    uintx GCDrainStackTargetSize                   = 64                                        {product} {ergonomic}
   size_t InitialHeapSize                          = 123731968                                 {product} {ergonomic}
   size_t MarkStackSize                            = 4194304                                   {product} {ergonomic}
   size_t MaxHeapSize                              = 1977614336                                {product} {ergonomic}
   size_t MinHeapDeltaBytes                        = 1048576                                   {product} {ergonomic}
   size_t MinHeapSize                              = 8388608                                   {product} {ergonomic}
    uintx NonNMethodCodeHeapSize                   = 5832780                                {pd product} {ergonomic}
    uintx NonProfiledCodeHeapSize                  = 122912730                              {pd product} {ergonomic}
    uintx ProfiledCodeHeapSize                     = 122912730                              {pd product} {ergonomic}
    uintx ReservedCodeCacheSize                    = 251658240                              {pd product} {ergonomic}
     bool SegmentedCodeCache                       = true                                      {product} {ergonomic}
     bool ShowCodeDetailsInExceptionMessages       = true                                   {manageable} {command line}
   size_t SoftMaxHeapSize                          = 1977614336                             {manageable} {ergonomic}
     bool UseCompressedClassPointers               = true                           {product lp64_product} {ergonomic}
     bool UseCompressedOops                        = true                           {product lp64_product} {ergonomic}
     bool UseG1GC                                  = true                                      {product} {ergonomic}
     bool UseLargePagesIndividualAllocation        = false                                  {pd product} {ergonomic}

Logging:
Log output configuration:
 #0: stdout all=warning uptime,level,tags
 #1: stderr all=off uptime,level,tags

Environment Variables:
PATH=C:/Users/HP/Downloads/eclipse-jee-2022-06-R-win32-x86_64/eclipse//plugins/org.eclipse.justj.openjdk.hotspot.jre.full.win32.x86_64_17.0.3.v20220515-1416/jre/bin/server;C:/Users/HP/Downloads/eclipse-jee-2022-06-R-win32-x86_64/eclipse//plugins/org.eclipse.justj.openjdk.hotspot.jre.full.win32.x86_64_17.0.3.v20220515-1416/jre/bin;C:\Program Files\Common Files\Oracle\Java\javapath;C:\Program Files\Python310\Scripts\;C:\Program Files\Python310\;C:\Program Files (x86)\Common Files\Oracle\Java\javapath;C:\WINDOWS\system32;C:\WINDOWS;C:\WINDOWS\System32\Wbem;C:\WINDOWS\System32\WindowsPowerShell\v1.0\;C:\WINDOWS\System32\OpenSSH\;C:\Program Files (x86)\i686-8.1.0-release-win32-dwarf-rt_v6-rev0\mingw32\bin;C:\Program Files\Microsoft VS Code\bin;C:\Program Files\Docker\Docker\resources\bin;C:\Program Files\nodejs\;C:\ProgramData\chocolatey\bin;C:\Program Files\Git\cmd;C:\Program Files\Microsoft SQL Server\150\Tools\Binn\;C:\Program Files\Microsoft SQL Server\Client SDK\ODBC\170\Tools\Binn\;C:\Program Files\dotnet\;C:\Users\HP\Downloads\apache-maven-3.9.9\bin;C:\Program Files\Java\jdk-17\bin;C:\Users\HP\AppData\Local\Programs\Python\Python311\Scripts\;C:\Users\HP\AppData\Local\Programs\Python\Python311\;C:\Users\HP\AppData\Local\Microsoft\WindowsApps;C:\Users\HP\AppData\Local\Programs\Microsoft VS Code\bin;C:\Program Files\Java\jdk-18.0.1.1\bin;C:\Users\HP\Desktop\flutter\bin;C:\Users\HP\Documents\flutter_windows_3.22.2-stable\flutter\bin;C:\Users\HP\AppData\Roaming\npm;C:\Users\HP\.dotnet\tools;;C:\Program Files\JetBrains\IntelliJ IDEA 2024.3.2.2\bin;;C:\Users\HP\Downloads\eclipse-jee-2022-06-R-win32-x86_64\eclipse;
USERNAME=HP
OS=Windows_NT
PROCESSOR_IDENTIFIER=AMD64 Family 23 Model 96 Stepping 1, AuthenticAMD



---------------  S Y S T E M  ---------------

OS:
 Windows 11 , 64 bit Build 26100 (10.0.26100.2454)
OS uptime: 1 days 2:07 hours
Hyper-V role detected

CPU: total 6 (initial active 6) (6 cores per cpu, 1 threads per core) family 23 model 96 stepping 1 microcode 0x8600106, cx8, cmov, fxsr, mmx, 3dnowpref, sse, sse2, sse3, ssse3, sse4a, sse4.1, sse4.2, popcnt, lzcnt, tsc, tscinvbit, avx, avx2, aes, clmul, bmi1, bmi2, adx, sha, fma, vzeroupper, clflush, clflushopt, hv

Memory: 4k page, system-wide physical 7541M (966M free)
TotalPageFile size 13828M (AvailPageFile size 111M)
current process WorkingSet (physical memory assigned to process): 13M, peak: 13M
current process commit charge ("private bytes"): 56M, peak: 174M

vm_info: OpenJDK 64-Bit Server VM (17.0.3+7) for windows-amd64 JRE (17.0.3+7), built on Apr 19 2022 16:55:35 by "" with MS VC++ 16.7 (VS2019)

END.
